<?xml version="1.0" encoding="UTF-8"?>
<!-- Generated by org.testng.reporters.JUnitReportReporter -->
<testsuite hostname="LTIN541610" failures="0" tests="1" name="testCases.TC_001_CourseDetails" time="20.074" errors="0" timestamp="2025-07-02T13:48:34 IST" skipped="0">
  <testcase classname="testCases.TC_001_CourseDetails" name="Courses" time="20.074"/>
</testsuite> <!-- testCases.TC_001_CourseDetails -->
