<?xml version="1.0" encoding="UTF-8"?>
<!-- Generated by org.testng.reporters.JUnitReportReporter -->
<testsuite hostname="LTIN541610" failures="0" tests="1" name="testCases.TC_008_ForGovernment" time="66.693" errors="0" timestamp="2025-07-10T11:26:49 IST" skipped="0">
  <testcase classname="testCases.TC_008_ForGovernment" name="Government_Form" time="66.693"/>
</testsuite> <!-- testCases.TC_008_ForGovernment -->
