<?xml version="1.0" encoding="UTF-8"?>
<!-- Generated by org.testng.reporters.JUnitReportReporter -->
<testsuite hostname="LTIN541610" failures="0" tests="1" name="testCases.TC_010_AppStore_PlayStore" time="40.152" errors="0" timestamp="2025-07-02T13:54:03 IST" skipped="0">
  <testcase classname="testCases.TC_010_AppStore_PlayStore" name="take_screenShot_Apple_Android" time="40.152"/>
</testsuite> <!-- testCases.TC_010_AppStore_PlayStore -->
