<?xml version="1.0" encoding="UTF-8"?>
<!-- Generated by org.testng.reporters.JUnitReportReporter -->
<testsuite hostname="LTIN436923" failures="0" tests="1" name="testCases.TC_009_Footer" time="1.917" errors="0" timestamp="2025-07-09T11:15:54 IST" skipped="0">
  <testcase classname="testCases.TC_009_Footer" name="footerData" time="1.917"/>
</testsuite> <!-- testCases.TC_009_Footer -->
