<?xml version="1.0" encoding="UTF-8"?>
<!-- Generated by org.testng.reporters.JUnitReportReporter -->
<testsuite hostname="LTIN436923" failures="0" tests="1" name="testCases.TC_001_CourseDetails" time="17.187" errors="0" timestamp="2025-07-02T12:24:10 IST" skipped="0">
  <testcase classname="testCases.TC_001_CourseDetails" name="Courses" time="17.187"/>
</testsuite> <!-- testCases.TC_001_CourseDetails -->
