<?xml version="1.0" encoding="UTF-8"?>
<!-- Generated by org.testng.reporters.JUnitReportReporter -->
<testsuite hostname="LTIN541610" failures="0" tests="1" name="testCases.TC_004_PartnersInfo" time="17.363" errors="0" timestamp="2025-07-10T10:48:57 IST" skipped="0">
  <testcase classname="testCases.TC_004_PartnersInfo" name="extractPartnersData" time="17.363"/>
</testsuite> <!-- testCases.TC_004_PartnersInfo -->
