<?xml version="1.0" encoding="UTF-8"?>
<!-- Generated by org.testng.reporters.JUnitReportReporter -->
<testsuite hostname="LTIN541610" failures="0" tests="1" name="testCases.TC_003_PrintErrorMsz" time="27.671" errors="0" timestamp="2025-07-10T14:30:42 IST" skipped="0">
  <testcase classname="testCases.TC_003_PrintErrorMsz" name="email_phone_error" time="27.671"/>
</testsuite> <!-- testCases.TC_003_PrintErrorMsz -->
