<?xml version="1.0" encoding="UTF-8"?>
<!-- Generated by org.testng.reporters.JUnitReportReporter -->
<testsuite hostname="LTIN436923" failures="0" tests="1" name="testCases.TC_007_CourseContent" time="55.036" errors="0" timestamp="2025-07-02T19:28:28 IST" skipped="0">
  <testcase classname="testCases.TC_007_CourseContent" name="aboutCourse" time="55.036"/>
</testsuite> <!-- testCases.TC_007_CourseContent -->
