<?xml version="1.0" encoding="UTF-8"?>
<!-- Generated by org.testng.reporters.JUnitReportReporter -->
<testsuite hostname="LTIN436923" failures="0" tests="1" name="testCases.TC_002_LanguagesList" time="20.092" errors="0" timestamp="2025-07-02T14:15:34 IST" skipped="0">
  <testcase classname="testCases.TC_002_LanguagesList" name="AllLanguages" time="20.092"/>
</testsuite> <!-- testCases.TC_002_LanguagesList -->
