<?xml version="1.0" encoding="UTF-8"?>
<!-- Generated by org.testng.reporters.JUnitReportReporter -->
<testsuite hostname="LTIN541610" failures="0" tests="1" name="testRunner_TestNG.TestNGTestRunner" time="34.548" errors="0" timestamp="2025-07-08T18:05:15 IST" skipped="0">
  <testcase classname="testRunner_TestNG.TestNGTestRunner" name="runScenario" time="34.548"/>
</testsuite> <!-- testRunner_TestNG.TestNGTestRunner -->
