<?xml version="1.0" encoding="UTF-8"?>
<!-- Generated by org.testng.reporters.JUnitReportReporter -->
<testsuite hostname="LTIN541610" failures="0" tests="1" name="testCases.TC_005_OnlineDegrees" time="10.367" errors="0" timestamp="2025-07-02T16:04:27 IST" skipped="0">
  <testcase classname="testCases.TC_005_OnlineDegrees" name="extractOnlineDegreesData" time="10.367"/>
</testsuite> <!-- testCases.TC_005_OnlineDegrees -->
