<?xml version="1.0" encoding="UTF-8"?>
<!-- Generated by org.testng.reporters.JUnitReportReporter -->
<testsuite hostname="LTIN541610" failures="0" tests="1" name="testCases.TC_006_ForBusiness_Plans" time="55.510" errors="0" timestamp="2025-07-02T13:49:55 IST" skipped="0">
  <testcase classname="testCases.TC_006_ForBusiness_Plans" name="planDetails" time="55.510"/>
</testsuite> <!-- testCases.TC_006_ForBusiness_Plans -->
