<?xml version="1.0" encoding="UTF-8"?>
<!-- Generated by org.testng.reporters.JUnitReportReporter -->
<testsuite hostname="LTIN436923" failures="0" tests="1" name="testCases.TC_009_Footer" time="2.126" errors="0" timestamp="2025-07-02T16:20:12 IST" skipped="0">
  <testcase classname="testCases.TC_009_Footer" name="footerData" time="2.126"/>
</testsuite> <!-- testCases.TC_009_Footer -->
