<?xml version="1.0" encoding="UTF-8"?>
<!-- Generated by org.testng.reporters.JUnitReportReporter -->
<testsuite hostname="LTIN541610" failures="0" tests="1" name="testCases.TC_005_OnlineDegrees" time="18.451" errors="0" timestamp="2025-07-10T10:54:20 IST" skipped="0">
  <testcase classname="testCases.TC_005_OnlineDegrees" name="extractOnlineDegreesData" time="18.451"/>
</testsuite> <!-- testCases.TC_005_OnlineDegrees -->
